<?xml version="1.0" encoding="UTF-8"?>
<testng-results ignored="0" total="12" passed="12" failed="0" skipped="0">
  <reporter-output>
  </reporter-output>
  <suite started-at="2026-05-02T22:01:49 IST" name="Surefire suite" finished-at="2026-05-02T22:02:01 IST" duration-ms="12557">
    <groups>
      <group name="cucumber">
        <method signature="AbstractTestNGCucumberTests.runScenario(io.cucumber.testng.PickleWrapper,io.cucumber.testng.FeatureWrapper)[pri:0, instance:runner.TestRunner@5e316c74]" name="runScenario" class="io.cucumber.testng.AbstractTestNGCucumberTests"/>
      </group> <!-- cucumber -->
    </groups>
    <test started-at="2026-05-02T22:01:49 IST" name="Surefire test" finished-at="2026-05-02T22:02:01 IST" duration-ms="12557">
      <class name="runner.TestRunner">
        <test-method is-config="true" signature="setUpClass(org.testng.ITestContext)[pri:0, instance:runner.TestRunner@5e316c74]" started-at="2026-05-02T22:01:49 IST" name="setUpClass" finished-at="2026-05-02T22:01:50 IST" duration-ms="946" status="PASS">
          <params>
            <param index="0">
              <value>
                <![CDATA[org.testng.TestRunner@797fcf9]]>
              </value>
            </param>
          </params>
          <reporter-output>
          </reporter-output>
        </test-method> <!-- setUpClass -->
        <test-method signature="runScenario(io.cucumber.testng.PickleWrapper,io.cucumber.testng.FeatureWrapper)[pri:0, instance:runner.TestRunner@5e316c74]" started-at="2026-05-02T22:01:50 IST" name="runScenario" description="Runs Cucumber Scenarios" data-provider="scenarios" finished-at="2026-05-02T22:01:53 IST" duration-ms="3787" status="PASS">
          <params>
            <param index="0">
              <value>
                <![CDATA["Delete post"]]>
              </value>
            </param>
            <param index="1">
              <value>
                <![CDATA["DELETE API Tests"]]>
              </value>
            </param>
          </params>
          <reporter-output>
          </reporter-output>
        </test-method> <!-- runScenario -->
        <test-method signature="runScenario(io.cucumber.testng.PickleWrapper,io.cucumber.testng.FeatureWrapper)[pri:0, instance:runner.TestRunner@5e316c74]" started-at="2026-05-02T22:01:53 IST" name="runScenario" description="Runs Cucumber Scenarios" data-provider="scenarios" finished-at="2026-05-02T22:01:54 IST" duration-ms="840" status="PASS">
          <params>
            <param index="0">
              <value>
                <![CDATA["Delete another"]]>
              </value>
            </param>
            <param index="1">
              <value>
                <![CDATA["DELETE API Tests"]]>
              </value>
            </param>
          </params>
          <reporter-output>
          </reporter-output>
        </test-method> <!-- runScenario -->
        <test-method signature="runScenario(io.cucumber.testng.PickleWrapper,io.cucumber.testng.FeatureWrapper)[pri:0, instance:runner.TestRunner@5e316c74]" started-at="2026-05-02T22:01:54 IST" name="runScenario" description="Runs Cucumber Scenarios" data-provider="scenarios" finished-at="2026-05-02T22:01:55 IST" duration-ms="644" status="PASS">
          <params>
            <param index="0">
              <value>
                <![CDATA["Get all posts"]]>
              </value>
            </param>
            <param index="1">
              <value>
                <![CDATA["GET API Tests"]]>
              </value>
            </param>
          </params>
          <reporter-output>
          </reporter-output>
        </test-method> <!-- runScenario -->
        <test-method signature="runScenario(io.cucumber.testng.PickleWrapper,io.cucumber.testng.FeatureWrapper)[pri:0, instance:runner.TestRunner@5e316c74]" started-at="2026-05-02T22:01:55 IST" name="runScenario" description="Runs Cucumber Scenarios" data-provider="scenarios" finished-at="2026-05-02T22:01:55 IST" duration-ms="641" status="PASS">
          <params>
            <param index="0">
              <value>
                <![CDATA["Get post id 1"]]>
              </value>
            </param>
            <param index="1">
              <value>
                <![CDATA["GET API Tests"]]>
              </value>
            </param>
          </params>
          <reporter-output>
          </reporter-output>
        </test-method> <!-- runScenario -->
        <test-method signature="runScenario(io.cucumber.testng.PickleWrapper,io.cucumber.testng.FeatureWrapper)[pri:0, instance:runner.TestRunner@5e316c74]" started-at="2026-05-02T22:01:55 IST" name="runScenario" description="Runs Cucumber Scenarios" data-provider="scenarios" finished-at="2026-05-02T22:01:56 IST" duration-ms="590" status="PASS">
          <params>
            <param index="0">
              <value>
                <![CDATA["Validate response header"]]>
              </value>
            </param>
            <param index="1">
              <value>
                <![CDATA["GET API Tests"]]>
              </value>
            </param>
          </params>
          <reporter-output>
          </reporter-output>
        </test-method> <!-- runScenario -->
        <test-method signature="runScenario(io.cucumber.testng.PickleWrapper,io.cucumber.testng.FeatureWrapper)[pri:0, instance:runner.TestRunner@5e316c74]" started-at="2026-05-02T22:01:56 IST" name="runScenario" description="Runs Cucumber Scenarios" data-provider="scenarios" finished-at="2026-05-02T22:01:57 IST" duration-ms="724" status="PASS">
          <params>
            <param index="0">
              <value>
                <![CDATA["Validate response time"]]>
              </value>
            </param>
            <param index="1">
              <value>
                <![CDATA["GET API Tests"]]>
              </value>
            </param>
          </params>
          <reporter-output>
          </reporter-output>
        </test-method> <!-- runScenario -->
        <test-method signature="runScenario(io.cucumber.testng.PickleWrapper,io.cucumber.testng.FeatureWrapper)[pri:0, instance:runner.TestRunner@5e316c74]" started-at="2026-05-02T22:01:57 IST" name="runScenario" description="Runs Cucumber Scenarios" data-provider="scenarios" finished-at="2026-05-02T22:01:57 IST" duration-ms="544" status="PASS">
          <params>
            <param index="0">
              <value>
                <![CDATA["Invalid post id"]]>
              </value>
            </param>
            <param index="1">
              <value>
                <![CDATA["GET API Tests"]]>
              </value>
            </param>
          </params>
          <reporter-output>
          </reporter-output>
        </test-method> <!-- runScenario -->
        <test-method signature="runScenario(io.cucumber.testng.PickleWrapper,io.cucumber.testng.FeatureWrapper)[pri:0, instance:runner.TestRunner@5e316c74]" started-at="2026-05-02T22:01:57 IST" name="runScenario" description="Runs Cucumber Scenarios" data-provider="scenarios" finished-at="2026-05-02T22:01:58 IST" duration-ms="697" status="PASS">
          <params>
            <param index="0">
              <value>
                <![CDATA["Create post"]]>
              </value>
            </param>
            <param index="1">
              <value>
                <![CDATA["POST API Tests"]]>
              </value>
            </param>
          </params>
          <reporter-output>
          </reporter-output>
        </test-method> <!-- runScenario -->
        <test-method signature="runScenario(io.cucumber.testng.PickleWrapper,io.cucumber.testng.FeatureWrapper)[pri:0, instance:runner.TestRunner@5e316c74]" started-at="2026-05-02T22:01:58 IST" name="runScenario" description="Runs Cucumber Scenarios" data-provider="scenarios" finished-at="2026-05-02T22:01:59 IST" duration-ms="623" status="PASS">
          <params>
            <param index="0">
              <value>
                <![CDATA["Create second post"]]>
              </value>
            </param>
            <param index="1">
              <value>
                <![CDATA["POST API Tests"]]>
              </value>
            </param>
          </params>
          <reporter-output>
          </reporter-output>
        </test-method> <!-- runScenario -->
        <test-method signature="runScenario(io.cucumber.testng.PickleWrapper,io.cucumber.testng.FeatureWrapper)[pri:0, instance:runner.TestRunner@5e316c74]" started-at="2026-05-02T22:01:59 IST" name="runScenario" description="Runs Cucumber Scenarios" data-provider="scenarios" finished-at="2026-05-02T22:01:59 IST" duration-ms="654" status="PASS">
          <params>
            <param index="0">
              <value>
                <![CDATA["Validate response body after create"]]>
              </value>
            </param>
            <param index="1">
              <value>
                <![CDATA["POST API Tests"]]>
              </value>
            </param>
          </params>
          <reporter-output>
          </reporter-output>
        </test-method> <!-- runScenario -->
        <test-method signature="runScenario(io.cucumber.testng.PickleWrapper,io.cucumber.testng.FeatureWrapper)[pri:0, instance:runner.TestRunner@5e316c74]" started-at="2026-05-02T22:01:59 IST" name="runScenario" description="Runs Cucumber Scenarios" data-provider="scenarios" finished-at="2026-05-02T22:02:00 IST" duration-ms="887" status="PASS">
          <params>
            <param index="0">
              <value>
                <![CDATA["Update post"]]>
              </value>
            </param>
            <param index="1">
              <value>
                <![CDATA["PUT API Tests"]]>
              </value>
            </param>
          </params>
          <reporter-output>
          </reporter-output>
        </test-method> <!-- runScenario -->
        <test-method signature="runScenario(io.cucumber.testng.PickleWrapper,io.cucumber.testng.FeatureWrapper)[pri:0, instance:runner.TestRunner@5e316c74]" started-at="2026-05-02T22:02:00 IST" name="runScenario" description="Runs Cucumber Scenarios" data-provider="scenarios" finished-at="2026-05-02T22:02:01 IST" duration-ms="835" status="PASS">
          <params>
            <param index="0">
              <value>
                <![CDATA["Update again"]]>
              </value>
            </param>
            <param index="1">
              <value>
                <![CDATA["PUT API Tests"]]>
              </value>
            </param>
          </params>
          <reporter-output>
          </reporter-output>
        </test-method> <!-- runScenario -->
        <test-method is-config="true" signature="tearDownClass()[pri:0, instance:runner.TestRunner@5e316c74]" started-at="2026-05-02T22:02:01 IST" name="tearDownClass" finished-at="2026-05-02T22:02:01 IST" duration-ms="75" status="PASS">
          <reporter-output>
          </reporter-output>
        </test-method> <!-- tearDownClass -->
      </class> <!-- runner.TestRunner -->
    </test> <!-- Surefire test -->
  </suite> <!-- Surefire suite -->
</testng-results>
