<?xml version="1.0" encoding="UTF-8"?>
<testsuite xmlns:xsi="http://www.w3.org/2001/XMLSchema-instance" xsi:noNamespaceSchemaLocation="https://maven.apache.org/surefire/maven-surefire-plugin/xsd/surefire-test-report-3.0.xsd" version="3.0" name="runner.TestRunner" time="9.906" tests="12" errors="0" skipped="0" failures="0">
  <properties>
[...]
</properties>
  <testcase name="runScenario[&quot;Delete post&quot;, &quot;DELETE API Tests&quot;](1)" classname="runner.TestRunner" time="3.874">
    <system-out><![CDATA[
Scenario: Delete post                          # src/test/resources/features/delete.feature:4
  Given user sets API base URL                 # steps.APISteps.setupAPI()
  When user sends DELETE request to "/posts/1" # steps.APISteps.sendDELETE(java.lang.String)
  Then validate status code is 200             # steps.APISteps.validateStatus(int)
]]></system-out>
    <system-err><![CDATA[SLF4J: Failed to load class "org.slf4j.impl.StaticLoggerBinder".
SLF4J: Defaulting to no-operation (NOP) logger implementation
SLF4J: See http://www.slf4j.org/codes.html#StaticLoggerBinder for further details.
]]></system-err>
  </testcase>
  <testcase name="runScenario[&quot;Delete another&quot;, &quot;DELETE API Tests&quot;](2)" classname="runner.TestRunner" time="0.42">
    <system-out><![CDATA[
Scenario: Delete another                       # src/test/resources/features/delete.feature:9
  Given user sets API base URL                 # steps.APISteps.setupAPI()
  When user sends DELETE request to "/posts/2" # steps.APISteps.sendDELETE(java.lang.String)
  Then validate status code is 200             # steps.APISteps.validateStatus(int)
]]></system-out>
  </testcase>
  <testcase name="runScenario[&quot;Get all posts&quot;, &quot;GET API Tests&quot;](3)" classname="runner.TestRunner" time="0.258">
    <system-out><![CDATA[
Scenario: Get all posts                   # src/test/resources/features/get.feature:4
  Given user sets API base URL            # steps.APISteps.setupAPI()
  When user sends GET request to "/posts" # steps.APISteps.sendGET(java.lang.String)
  Then validate status code is 200        # steps.APISteps.validateStatus(int)
  And validate response contains "title"  # steps.APISteps.validateBody(java.lang.String)
]]></system-out>
  </testcase>
  <testcase name="runScenario[&quot;Get post id 1&quot;, &quot;GET API Tests&quot;](4)" classname="runner.TestRunner" time="0.191">
    <system-out><![CDATA[
Scenario: Get post id 1                     # src/test/resources/features/get.feature:10
  Given user sets API base URL              # steps.APISteps.setupAPI()
  When user sends GET request to "/posts/1" # steps.APISteps.sendGET(java.lang.String)
  Then validate status code is 200          # steps.APISteps.validateStatus(int)
  And validate response contains "userId"   # steps.APISteps.validateBody(java.lang.String)
]]></system-out>
  </testcase>
  <testcase name="runScenario[&quot;Validate response header&quot;, &quot;GET API Tests&quot;](5)" classname="runner.TestRunner" time="0.169">
    <system-out><![CDATA[
Scenario: Validate response header        # src/test/resources/features/get.feature:16
  Given user sets API base URL            # steps.APISteps.setupAPI()
  When user sends GET request to "/posts" # steps.APISteps.sendGET(java.lang.String)
  Then validate header "Content-Type"     # steps.APISteps.validateHeader(java.lang.String)
]]></system-out>
  </testcase>
  <testcase name="runScenario[&quot;Validate response time&quot;, &quot;GET API Tests&quot;](6)" classname="runner.TestRunner" time="0.13">
    <system-out><![CDATA[
Scenario: Validate response time             # src/test/resources/features/get.feature:21
  Given user sets API base URL               # steps.APISteps.setupAPI()
  When user sends GET request to "/posts"    # steps.APISteps.sendGET(java.lang.String)
  Then validate response time less than 5000 # steps.APISteps.validateResponseTime(int)
]]></system-out>
  </testcase>
  <testcase name="runScenario[&quot;Invalid post id&quot;, &quot;GET API Tests&quot;](7)" classname="runner.TestRunner" time="0.141">
    <system-out><![CDATA[
Scenario: Invalid post id                      # src/test/resources/features/get.feature:26
  Given user sets API base URL                 # steps.APISteps.setupAPI()
  When user sends GET request to "/posts/0001" # steps.APISteps.sendGET(java.lang.String)
  Then validate status code is 404             # steps.APISteps.validateStatus(int)
]]></system-out>
  </testcase>
  <testcase name="runScenario[&quot;Create post&quot;, &quot;POST API Tests&quot;](8)" classname="runner.TestRunner" time="0.795">
    <system-out><![CDATA[
Scenario: Create post                              # src/test/resources/features/post.feature:4
  Given user sets API base URL                     # steps.APISteps.setupAPI()
  When user sends POST request to "/posts"         # steps.APISteps.sendPOST(java.lang.String)
  Then validate status code is 201                 # steps.APISteps.validateStatus(int)
  And validate response contains "Automation Test" # steps.APISteps.validateBody(java.lang.String)
]]></system-out>
  </testcase>
  <testcase name="runScenario[&quot;Create second post&quot;, &quot;POST API Tests&quot;](9)" classname="runner.TestRunner" time="0.308">
    <system-out><![CDATA[
Scenario: Create second post               # src/test/resources/features/post.feature:10
  Given user sets API base URL             # steps.APISteps.setupAPI()
  When user sends POST request to "/posts" # steps.APISteps.sendPOST(java.lang.String)
  Then validate status code is 201         # steps.APISteps.validateStatus(int)
]]></system-out>
  </testcase>
  <testcase name="runScenario[&quot;Validate response body after create&quot;, &quot;POST API Tests&quot;](10)" classname="runner.TestRunner" time="0.418">
    <system-out><![CDATA[
Scenario: Validate response body after create     # src/test/resources/features/post.feature:15
  Given user sets API base URL                    # steps.APISteps.setupAPI()
  When user sends POST request to "/posts"        # steps.APISteps.sendPOST(java.lang.String)
  Then validate response contains "BDD Framework" # steps.APISteps.validateBody(java.lang.String)
]]></system-out>
  </testcase>
  <testcase name="runScenario[&quot;Update post&quot;, &quot;PUT API Tests&quot;](11)" classname="runner.TestRunner" time="0.794">
    <system-out><![CDATA[
Scenario: Update post                            # src/test/resources/features/put.feature:4
  Given user sets API base URL                   # steps.APISteps.setupAPI()
  When user sends PUT request to "/posts/1"      # steps.APISteps.sendPUT(java.lang.String)
  Then validate status code is 200               # steps.APISteps.validateStatus(int)
  And validate response contains "Updated Title" # steps.APISteps.validateBody(java.lang.String)
]]></system-out>
  </testcase>
  <testcase name="runScenario[&quot;Update again&quot;, &quot;PUT API Tests&quot;](12)" classname="runner.TestRunner" time="0.331">
    <system-out><![CDATA[
Scenario: Update again                      # src/test/resources/features/put.feature:10
  Given user sets API base URL              # steps.APISteps.setupAPI()
  When user sends PUT request to "/posts/1" # steps.APISteps.sendPUT(java.lang.String)
  Then validate status code is 200          # steps.APISteps.validateStatus(int)
]]></system-out>
  </testcase>
</testsuite>