<?xml version="1.0" encoding="UTF-8"?>
<!-- Generated by org.testng.reporters.JUnitReportReporter -->
<testsuite hostname="LIN-5CG5202B74" failures="0" tests="12" name="runner.TestRunner" time="11.466" errors="0" timestamp="2026-05-02T22:02:01 IST" skipped="0">
  <testcase classname="runner.TestRunner" name="runScenario" time="0.887"/>
  <testcase classname="runner.TestRunner" name="runScenario" time="0.544"/>
  <testcase classname="runner.TestRunner" name="runScenario" time="0.840"/>
  <testcase classname="runner.TestRunner" name="runScenario" time="0.697"/>
  <testcase classname="runner.TestRunner" name="runScenario" time="0.835"/>
  <testcase classname="runner.TestRunner" name="runScenario" time="0.641"/>
  <testcase classname="runner.TestRunner" name="runScenario" time="0.644"/>
  <testcase classname="runner.TestRunner" name="runScenario" time="0.724"/>
  <testcase classname="runner.TestRunner" name="runScenario" time="0.623"/>
  <testcase classname="runner.TestRunner" name="runScenario" time="3.787"/>
  <testcase classname="runner.TestRunner" name="runScenario" time="0.590"/>
  <testcase classname="runner.TestRunner" name="runScenario" time="0.654"/>
</testsuite> <!-- runner.TestRunner -->
