<?xml version="1.0" encoding="UTF-8"?>
<!-- Generated by org.testng.reporters.JUnitReportReporter -->
<testsuite hostname="LIN-5CG5202B74" failures="0" tests="12" name="runner.TestRunner" time="11.786" errors="0" timestamp="2026-06-15T14:14:59 IST" skipped="0">
  <testcase classname="runner.TestRunner" name="runScenario" time="0.981"/>
  <testcase classname="runner.TestRunner" name="runScenario" time="0.977"/>
  <testcase classname="runner.TestRunner" name="runScenario" time="0.957"/>
  <testcase classname="runner.TestRunner" name="runScenario" time="0.685"/>
  <testcase classname="runner.TestRunner" name="runScenario" time="0.622"/>
  <testcase classname="runner.TestRunner" name="runScenario" time="0.273"/>
  <testcase classname="runner.TestRunner" name="runScenario" time="0.411"/>
  <testcase classname="runner.TestRunner" name="runScenario" time="0.378"/>
  <testcase classname="runner.TestRunner" name="runScenario" time="0.902"/>
  <testcase classname="runner.TestRunner" name="runScenario" time="4.672"/>
  <testcase classname="runner.TestRunner" name="runScenario" time="0.378"/>
  <testcase classname="runner.TestRunner" name="runScenario" time="0.550"/>
</testsuite> <!-- runner.TestRunner -->
